INFO: [VRFC 10-2263] Analyzing Verilog file "C:/Users/fengbin3/TFT_keyboard/TFT.ip_user_files/bd/design_1/ip/design_1_lmb_bram_0/sim/design_1_lmb_bram_0.v" into library xil_defaultlib
INFO: [VRFC 10-311] analyzing module design_1_lmb_bram_0
INFO: [VRFC 10-2263] Analyzing Verilog file "C:/Users/fengbin3/TFT_keyboard/TFT.ip_user_files/bd/design_1/ip/design_1_microblaze_0_xlconcat_0/sim/design_1_microblaze_0_xlconcat_0.v" into library xil_defaultlib
INFO: [VRFC 10-311] analyzing module design_1_microblaze_0_xlconcat_0
INFO: [VRFC 10-2263] Analyzing Verilog file "C:/Users/fengbin3/TFT_keyboard/TFT.ip_user_files/bd/design_1/ip/design_1_clk_wiz_1_0/design_1_clk_wiz_1_0_clk_wiz.v" into library xil_defaultlib
INFO: [VRFC 10-311] analyzing module design_1_clk_wiz_1_0_clk_wiz
INFO: [VRFC 10-2263] Analyzing Verilog file "C:/Users/fengbin3/TFT_keyboard/TFT.ip_user_files/bd/design_1/ip/design_1_clk_wiz_1_0/design_1_clk_wiz_1_0.v" into library xil_defaultlib
INFO: [VRFC 10-311] analyzing module design_1_clk_wiz_1_0
INFO: [VRFC 10-2263] Analyzing Verilog file "C:/Users/fengbin3/TFT_keyboard/TFT.ip_user_files/bd/design_1/ip/design_1_xbar_0/sim/design_1_xbar_0.v" into library xil_defaultlib
INFO: [VRFC 10-311] analyzing module design_1_xbar_0
INFO: [VRFC 10-2263] Analyzing Verilog file "C:/Users/fengbin3/TFT_keyboard/TFT.ip_user_files/bd/design_1/ip/design_1_mig_7series_0_0/design_1_mig_7series_0_0/user_design/rtl/axi/mig_7series_v4_2_axi_ctrl_addr_decode.v" into library xil_defaultlib
INFO: [VRFC 10-311] analyzing module mig_7series_v4_2_axi_ctrl_addr_decode
INFO: [VRFC 10-2263] Analyzing Verilog file "C:/Users/fengbin3/TFT_keyboard/TFT.ip_user_files/bd/design_1/ip/design_1_mig_7series_0_0/design_1_mig_7series_0_0/user_design/rtl/axi/mig_7series_v4_2_axi_ctrl_read.v" into library xil_defaultlib
INFO: [VRFC 10-311] analyzing module mig_7series_v4_2_axi_ctrl_read
INFO: [VRFC 10-2263] Analyzing Verilog file "C:/Users/fengbin3/TFT_keyboard/TFT.ip_user_files/bd/design_1/ip/design_1_mig_7series_0_0/design_1_mig_7series_0_0/user_design/rtl/axi/mig_7series_v4_2_axi_ctrl_reg.v" into library xil_defaultlib
INFO: [VRFC 10-311] analyzing module mig_7series_v4_2_axi_ctrl_reg
INFO: [VRFC 10-2263] Analyzing Verilog file "C:/Users/fengbin3/TFT_keyboard/TFT.ip_user_files/bd/design_1/ip/design_1_mig_7series_0_0/design_1_mig_7series_0_0/user_design/rtl/axi/mig_7series_v4_2_axi_ctrl_reg_bank.v" into library xil_defaultlib
INFO: [VRFC 10-311] analyzing module mig_7series_v4_2_axi_ctrl_reg_bank
INFO: [VRFC 10-2263] Analyzing Verilog file "C:/Users/fengbin3/TFT_keyboard/TFT.ip_user_files/bd/design_1/ip/design_1_mig_7series_0_0/design_1_mig_7series_0_0/user_design/rtl/axi/mig_7series_v4_2_axi_ctrl_top.v" into library xil_defaultlib
INFO: [VRFC 10-311] analyzing module mig_7series_v4_2_axi_ctrl_top
INFO: [VRFC 10-2263] Analyzing Verilog file "C:/Users/fengbin3/TFT_keyboard/TFT.ip_user_files/bd/design_1/ip/design_1_mig_7series_0_0/design_1_mig_7series_0_0/user_design/rtl/axi/mig_7series_v4_2_axi_ctrl_write.v" into library xil_defaultlib
INFO: [VRFC 10-311] analyzing module mig_7series_v4_2_axi_ctrl_write
INFO: [VRFC 10-2263] Analyzing Verilog file "C:/Users/fengbin3/TFT_keyboard/TFT.ip_user_files/bd/design_1/ip/design_1_mig_7series_0_0/design_1_mig_7series_0_0/user_design/rtl/axi/mig_7series_v4_2_axi_mc.v" into library xil_defaultlib
INFO: [VRFC 10-311] analyzing module mig_7series_v4_2_axi_mc
INFO: [VRFC 10-2263] Analyzing Verilog file "C:/Users/fengbin3/TFT_keyboard/TFT.ip_user_files/bd/design_1/ip/design_1_mig_7series_0_0/design_1_mig_7series_0_0/user_design/rtl/axi/mig_7series_v4_2_axi_mc_ar_channel.v" into library xil_defaultlib
INFO: [VRFC 10-311] analyzing module mig_7series_v4_2_axi_mc_ar_channel
INFO: [VRFC 10-2263] Analyzing Verilog file "C:/Users/fengbin3/TFT_keyboard/TFT.ip_user_files/bd/design_1/ip/design_1_mig_7series_0_0/design_1_mig_7series_0_0/user_design/rtl/axi/mig_7series_v4_2_axi_mc_aw_channel.v" into library xil_defaultlib
INFO: [VRFC 10-311] analyzing module mig_7series_v4_2_axi_mc_aw_channel
INFO: [VRFC 10-2263] Analyzing Verilog file "C:/Users/fengbin3/TFT_keyboard/TFT.ip_user_files/bd/design_1/ip/design_1_mig_7series_0_0/design_1_mig_7series_0_0/user_design/rtl/axi/mig_7series_v4_2_axi_mc_b_channel.v" into library xil_defaultlib
INFO: [VRFC 10-311] analyzing module mig_7series_v4_2_axi_mc_b_channel
INFO: [VRFC 10-2263] Analyzing Verilog file "C:/Users/fengbin3/TFT_keyboard/TFT.ip_user_files/bd/design_1/ip/design_1_mig_7series_0_0/design_1_mig_7series_0_0/user_design/rtl/axi/mig_7series_v4_2_axi_mc_cmd_arbiter.v" into library xil_defaultlib
INFO: [VRFC 10-311] analyzing module mig_7series_v4_2_axi_mc_cmd_arbiter
INFO: [VRFC 10-2263] Analyzing Verilog file "C:/Users/fengbin3/TFT_keyboard/TFT.ip_user_files/bd/design_1/ip/design_1_mig_7series_0_0/design_1_mig_7series_0_0/user_design/rtl/axi/mig_7series_v4_2_axi_mc_cmd_fsm.v" into library xil_defaultlib
INFO: [VRFC 10-311] analyzing module mig_7series_v4_2_axi_mc_cmd_fsm
INFO: [VRFC 10-2263] Analyzing Verilog file "C:/Users/fengbin3/TFT_keyboard/TFT.ip_user_files/bd/design_1/ip/design_1_mig_7series_0_0/design_1_mig_7series_0_0/user_design/rtl/axi/mig_7series_v4_2_axi_mc_cmd_translator.v" into library xil_defaultlib
INFO: [VRFC 10-311] analyzing module mig_7series_v4_2_axi_mc_cmd_translator
INFO: [VRFC 10-2263] Analyzing Verilog file "C:/Users/fengbin3/TFT_keyboard/TFT.ip_user_files/bd/design_1/ip/design_1_mig_7series_0_0/design_1_mig_7series_0_0/user_design/rtl/axi/mig_7series_v4_2_axi_mc_fifo.v" into library xil_defaultlib
INFO: [VRFC 10-311] analyzing module mig_7series_v4_2_axi_mc_fifo
INFO: [VRFC 10-2263] Analyzing Verilog file "C:/Users/fengbin3/TFT_keyboard/TFT.ip_user_files/bd/design_1/ip/design_1_mig_7series_0_0/design_1_mig_7series_0_0/user_design/rtl/axi/mig_7series_v4_2_axi_mc_incr_cmd.v" into library xil_defaultlib
INFO: [VRFC 10-311] analyzing module mig_7series_v4_2_axi_mc_incr_cmd
INFO: [VRFC 10-2263] Analyzing Verilog file "C:/Users/fengbin3/TFT_keyboard/TFT.ip_user_files/bd/design_1/ip/design_1_mig_7series_0_0/design_1_mig_7series_0_0/user_design/rtl/axi/mig_7series_v4_2_axi_mc_r_channel.v" into library xil_defaultlib
INFO: [VRFC 10-311] analyzing module mig_7series_v4_2_axi_mc_r_channel
INFO: [VRFC 10-2263] Analyzing Verilog file "C:/Users/fengbin3/TFT_keyboard/TFT.ip_user_files/bd/design_1/ip/design_1_mig_7series_0_0/design_1_mig_7series_0_0/user_design/rtl/axi/mig_7series_v4_2_axi_mc_simple_fifo.v" into library xil_defaultlib
INFO: [VRFC 10-311] analyzing module mig_7series_v4_2_axi_mc_simple_fifo
INFO: [VRFC 10-2263] Analyzing Verilog file "C:/Users/fengbin3/TFT_keyboard/TFT.ip_user_files/bd/design_1/ip/design_1_mig_7series_0_0/design_1_mig_7series_0_0/user_design/rtl/axi/mig_7series_v4_2_axi_mc_wrap_cmd.v" into library xil_defaultlib
INFO: [VRFC 10-311] analyzing module mig_7series_v4_2_axi_mc_wrap_cmd
INFO: [VRFC 10-2263] Analyzing Verilog file "C:/Users/fengbin3/TFT_keyboard/TFT.ip_user_files/bd/design_1/ip/design_1_mig_7series_0_0/design_1_mig_7series_0_0/user_design/rtl/axi/mig_7series_v4_2_axi_mc_wr_cmd_fsm.v" into library xil_defaultlib
INFO: [VRFC 10-311] analyzing module mig_7series_v4_2_axi_mc_wr_cmd_fsm
INFO: [VRFC 10-2263] Analyzing Verilog file "C:/Users/fengbin3/TFT_keyboard/TFT.ip_user_files/bd/design_1/ip/design_1_mig_7series_0_0/design_1_mig_7series_0_0/user_design/rtl/axi/mig_7series_v4_2_axi_mc_w_channel.v" into library xil_defaultlib
INFO: [VRFC 10-311] analyzing module mig_7series_v4_2_axi_mc_w_channel
INFO: [VRFC 10-2263] Analyzing Verilog file "C:/Users/fengbin3/TFT_keyboard/TFT.ip_user_files/bd/design_1/ip/design_1_mig_7series_0_0/design_1_mig_7series_0_0/user_design/rtl/axi/mig_7series_v4_2_ddr_axic_register_slice.v" into library xil_defaultlib
INFO: [VRFC 10-311] analyzing module mig_7series_v4_2_ddr_axic_register_slice
INFO: [VRFC 10-2263] Analyzing Verilog file "C:/Users/fengbin3/TFT_keyboard/TFT.ip_user_files/bd/design_1/ip/design_1_mig_7series_0_0/design_1_mig_7series_0_0/user_design/rtl/axi/mig_7series_v4_2_ddr_axi_register_slice.v" into library xil_defaultlib
INFO: [VRFC 10-311] analyzing module mig_7series_v4_2_ddr_axi_register_slice
INFO: [VRFC 10-2263] Analyzing Verilog file "C:/Users/fengbin3/TFT_keyboard/TFT.ip_user_files/bd/design_1/ip/design_1_mig_7series_0_0/design_1_mig_7series_0_0/user_design/rtl/axi/mig_7series_v4_2_ddr_axi_upsizer.v" into library xil_defaultlib
INFO: [VRFC 10-311] analyzing module mig_7series_v4_2_ddr_axi_upsizer
INFO: [VRFC 10-2263] Analyzing Verilog file "C:/Users/fengbin3/TFT_keyboard/TFT.ip_user_files/bd/design_1/ip/design_1_mig_7series_0_0/design_1_mig_7series_0_0/user_design/rtl/axi/mig_7series_v4_2_ddr_a_upsizer.v" into library xil_defaultlib
INFO: [VRFC 10-311] analyzing module mig_7series_v4_2_ddr_a_upsizer
INFO: [VRFC 10-2263] Analyzing Verilog file "C:/Users/fengbin3/TFT_keyboard/TFT.ip_user_files/bd/design_1/ip/design_1_mig_7series_0_0/design_1_mig_7series_0_0/user_design/rtl/axi/mig_7series_v4_2_ddr_carry_and.v" into library xil_defaultlib
INFO: [VRFC 10-311] analyzing module mig_7series_v4_2_ddr_carry_and
INFO: [VRFC 10-2263] Analyzing Verilog file "C:/Users/fengbin3/TFT_keyboard/TFT.ip_user_files/bd/design_1/ip/design_1_mig_7series_0_0/design_1_mig_7series_0_0/user_design/rtl/axi/mig_7series_v4_2_ddr_carry_latch_and.v" into library xil_defaultlib
INFO: [VRFC 10-311] analyzing module mig_7series_v4_2_ddr_carry_latch_and
INFO: [VRFC 10-2263] Analyzing Verilog file "C:/Users/fengbin3/TFT_keyboard/TFT.ip_user_files/bd/design_1/ip/design_1_mig_7series_0_0/design_1_mig_7series_0_0/user_design/rtl/axi/mig_7series_v4_2_ddr_carry_latch_or.v" into library xil_defaultlib
INFO: [VRFC 10-311] analyzing module mig_7series_v4_2_ddr_carry_latch_or
INFO: [VRFC 10-2263] Analyzing Verilog file "C:/Users/fengbin3/TFT_keyboard/TFT.ip_user_files/bd/design_1/ip/design_1_mig_7series_0_0/design_1_mig_7series_0_0/user_design/rtl/axi/mig_7series_v4_2_ddr_carry_or.v" into library xil_defaultlib
INFO: [VRFC 10-311] analyzing module mig_7series_v4_2_ddr_carry_or
INFO: [VRFC 10-2263] Analyzing Verilog file "C:/Users/fengbin3/TFT_keyboard/TFT.ip_user_files/bd/design_1/ip/design_1_mig_7series_0_0/design_1_mig_7series_0_0/user_design/rtl/axi/mig_7series_v4_2_ddr_command_fifo.v" into library xil_defaultlib
INFO: [VRFC 10-311] analyzing module mig_7series_v4_2_ddr_command_fifo
INFO: [VRFC 10-2263] Analyzing Verilog file "C:/Users/fengbin3/TFT_keyboard/TFT.ip_user_files/bd/design_1/ip/design_1_mig_7series_0_0/design_1_mig_7series_0_0/user_design/rtl/axi/mig_7series_v4_2_ddr_comparator.v" into library xil_defaultlib
INFO: [VRFC 10-311] analyzing module mig_7series_v4_2_ddr_comparator
INFO: [VRFC 10-2263] Analyzing Verilog file "C:/Users/fengbin3/TFT_keyboard/TFT.ip_user_files/bd/design_1/ip/design_1_mig_7series_0_0/design_1_mig_7series_0_0/user_design/rtl/axi/mig_7series_v4_2_ddr_comparator_sel.v" into library xil_defaultlib
INFO: [VRFC 10-311] analyzing module mig_7series_v4_2_ddr_comparator_sel
INFO: [VRFC 10-2263] Analyzing Verilog file "C:/Users/fengbin3/TFT_keyboard/TFT.ip_user_files/bd/design_1/ip/design_1_mig_7series_0_0/design_1_mig_7series_0_0/user_design/rtl/axi/mig_7series_v4_2_ddr_comparator_sel_static.v" into library xil_defaultlib
INFO: [VRFC 10-311] analyzing module mig_7series_v4_2_ddr_comparator_sel_static
INFO: [VRFC 10-2263] Analyzing Verilog file "C:/Users/fengbin3/TFT_keyboard/TFT.ip_user_files/bd/design_1/ip/design_1_mig_7series_0_0/design_1_mig_7series_0_0/user_design/rtl/axi/mig_7series_v4_2_ddr_r_upsizer.v" into library xil_defaultlib
INFO: [VRFC 10-311] analyzing module mig_7series_v4_2_ddr_r_upsizer
INFO: [VRFC 10-2263] Analyzing Verilog file "C:/Users/fengbin3/TFT_keyboard/TFT.ip_user_files/bd/design_1/ip/design_1_mig_7series_0_0/design_1_mig_7series_0_0/user_design/rtl/axi/mig_7series_v4_2_ddr_w_upsizer.v" into library xil_defaultlib
INFO: [VRFC 10-311] analyzing module mig_7series_v4_2_ddr_w_upsizer
INFO: [VRFC 10-2263] Analyzing Verilog file "C:/Users/fengbin3/TFT_keyboard/TFT.ip_user_files/bd/design_1/ip/design_1_mig_7series_0_0/design_1_mig_7series_0_0/user_design/rtl/clocking/mig_7series_v4_2_clk_ibuf.v" into library xil_defaultlib
INFO: [VRFC 10-311] analyzing module mig_7series_v4_2_clk_ibuf
INFO: [VRFC 10-2263] Analyzing Verilog file "C:/Users/fengbin3/TFT_keyboard/TFT.ip_user_files/bd/design_1/ip/design_1_mig_7series_0_0/design_1_mig_7series_0_0/user_design/rtl/clocking/mig_7series_v4_2_infrastructure.v" into library xil_defaultlib
INFO: [VRFC 10-311] analyzing module mig_7series_v4_2_infrastructure
INFO: [VRFC 10-2263] Analyzing Verilog file "C:/Users/fengbin3/TFT_keyboard/TFT.ip_user_files/bd/design_1/ip/design_1_mig_7series_0_0/design_1_mig_7series_0_0/user_design/rtl/clocking/mig_7series_v4_2_iodelay_ctrl.v" into library xil_defaultlib
INFO: [VRFC 10-311] analyzing module mig_7series_v4_2_iodelay_ctrl
INFO: [VRFC 10-2263] Analyzing Verilog file "C:/Users/fengbin3/TFT_keyboard/TFT.ip_user_files/bd/design_1/ip/design_1_mig_7series_0_0/design_1_mig_7series_0_0/user_design/rtl/clocking/mig_7series_v4_2_tempmon.v" into library xil_defaultlib
INFO: [VRFC 10-311] analyzing module mig_7series_v4_2_tempmon
INFO: [VRFC 10-2263] Analyzing Verilog file "C:/Users/fengbin3/TFT_keyboard/TFT.ip_user_files/bd/design_1/ip/design_1_mig_7series_0_0/design_1_mig_7series_0_0/user_design/rtl/controller/mig_7series_v4_2_arb_mux.v" into library xil_defaultlib
INFO: [VRFC 10-311] analyzing module mig_7series_v4_2_arb_mux
INFO: [VRFC 10-2263] Analyzing Verilog file "C:/Users/fengbin3/TFT_keyboard/TFT.ip_user_files/bd/design_1/ip/design_1_mig_7series_0_0/design_1_mig_7series_0_0/user_design/rtl/controller/mig_7series_v4_2_arb_row_col.v" into library xil_defaultlib
INFO: [VRFC 10-311] analyzing module mig_7series_v4_2_arb_row_col
WARNING: [VRFC 10-2654] begin/end is required for generate-for in this mode of verilog [C:/Users/fengbin3/TFT_keyboard/TFT.ip_user_files/bd/design_1/ip/design_1_mig_7series_0_0/design_1_mig_7series_0_0/user_design/rtl/controller/mig_7series_v4_2_arb_row_col.v:252]
INFO: [VRFC 10-2263] Analyzing Verilog file "C:/Users/fengbin3/TFT_keyboard/TFT.ip_user_files/bd/design_1/ip/design_1_mig_7series_0_0/design_1_mig_7series_0_0/user_design/rtl/controller/mig_7series_v4_2_arb_select.v" into library xil_defaultlib
INFO: [VRFC 10-311] analyzing module mig_7series_v4_2_arb_select
INFO: [VRFC 10-2263] Analyzing Verilog file "C:/Users/fengbin3/TFT_keyboard/TFT.ip_user_files/bd/design_1/ip/design_1_mig_7series_0_0/design_1_mig_7series_0_0/user_design/rtl/controller/mig_7series_v4_2_bank_cntrl.v" into library xil_defaultlib
INFO: [VRFC 10-311] analyzing module mig_7series_v4_2_bank_cntrl
INFO: [VRFC 10-2263] Analyzing Verilog file "C:/Users/fengbin3/TFT_keyboard/TFT.ip_user_files/bd/design_1/ip/design_1_mig_7series_0_0/design_1_mig_7series_0_0/user_design/rtl/controller/mig_7series_v4_2_bank_common.v" into library xil_defaultlib
INFO: [VRFC 10-311] analyzing module mig_7series_v4_2_bank_common
INFO: [VRFC 10-2263] Analyzing Verilog file "C:/Users/fengbin3/TFT_keyboard/TFT.ip_user_files/bd/design_1/ip/design_1_mig_7series_0_0/design_1_mig_7series_0_0/user_design/rtl/controller/mig_7series_v4_2_bank_compare.v" into library xil_defaultlib
INFO: [VRFC 10-311] analyzing module mig_7series_v4_2_bank_compare
INFO: [VRFC 10-2263] Analyzing Verilog file "C:/Users/fengbin3/TFT_keyboard/TFT.ip_user_files/bd/design_1/ip/design_1_mig_7series_0_0/design_1_mig_7series_0_0/user_design/rtl/controller/mig_7series_v4_2_bank_mach.v" into library xil_defaultlib
INFO: [VRFC 10-311] analyzing module mig_7series_v4_2_bank_mach
INFO: [VRFC 10-2263] Analyzing Verilog file "C:/Users/fengbin3/TFT_keyboard/TFT.ip_user_files/bd/design_1/ip/design_1_mig_7series_0_0/design_1_mig_7series_0_0/user_design/rtl/controller/mig_7series_v4_2_bank_queue.v" into library xil_defaultlib
INFO: [VRFC 10-311] analyzing module mig_7series_v4_2_bank_queue
INFO: [VRFC 10-2263] Analyzing Verilog file "C:/Users/fengbin3/TFT_keyboard/TFT.ip_user_files/bd/design_1/ip/design_1_mig_7series_0_0/design_1_mig_7series_0_0/user_design/rtl/controller/mig_7series_v4_2_bank_state.v" into library xil_defaultlib
INFO: [VRFC 10-311] analyzing module mig_7series_v4_2_bank_state
INFO: [VRFC 10-2263] Analyzing Verilog file "C:/Users/fengbin3/TFT_keyboard/TFT.ip_user_files/bd/design_1/ip/design_1_mig_7series_0_0/design_1_mig_7series_0_0/user_design/rtl/controller/mig_7series_v4_2_col_mach.v" into library xil_defaultlib
INFO: [VRFC 10-311] analyzing module mig_7series_v4_2_col_mach
INFO: [VRFC 10-2263] Analyzing Verilog file "C:/Users/fengbin3/TFT_keyboard/TFT.ip_user_files/bd/design_1/ip/design_1_mig_7series_0_0/design_1_mig_7series_0_0/user_design/rtl/controller/mig_7series_v4_2_mc.v" into library xil_defaultlib
INFO: [VRFC 10-311] analyzing module mig_7series_v4_2_mc
INFO: [VRFC 10-2263] Analyzing Verilog file "C:/Users/fengbin3/TFT_keyboard/TFT.ip_user_files/bd/design_1/ip/design_1_mig_7series_0_0/design_1_mig_7series_0_0/user_design/rtl/controller/mig_7series_v4_2_rank_cntrl.v" into library xil_defaultlib
INFO: [VRFC 10-311] analyzing module mig_7series_v4_2_rank_cntrl
INFO: [VRFC 10-2263] Analyzing Verilog file "C:/Users/fengbin3/TFT_keyboard/TFT.ip_user_files/bd/design_1/ip/design_1_mig_7series_0_0/design_1_mig_7series_0_0/user_design/rtl/controller/mig_7series_v4_2_rank_common.v" into library xil_defaultlib
INFO: [VRFC 10-311] analyzing module mig_7series_v4_2_rank_common
INFO: [VRFC 10-2263] Analyzing Verilog file "C:/Users/fengbin3/TFT_keyboard/TFT.ip_user_files/bd/design_1/ip/design_1_mig_7series_0_0/design_1_mig_7series_0_0/user_design/rtl/controller/mig_7series_v4_2_rank_mach.v" into library xil_defaultlib
INFO: [VRFC 10-311] analyzing module mig_7series_v4_2_rank_mach
INFO: [VRFC 10-2263] Analyzing Verilog file "C:/Users/fengbin3/TFT_keyboard/TFT.ip_user_files/bd/design_1/ip/design_1_mig_7series_0_0/design_1_mig_7series_0_0/user_design/rtl/controller/mig_7series_v4_2_round_robin_arb.v" into library xil_defaultlib
INFO: [VRFC 10-311] analyzing module mig_7series_v4_2_round_robin_arb
INFO: [VRFC 10-2263] Analyzing Verilog file "C:/Users/fengbin3/TFT_keyboard/TFT.ip_user_files/bd/design_1/ip/design_1_mig_7series_0_0/design_1_mig_7series_0_0/user_design/rtl/ecc/mig_7series_v4_2_ecc_buf.v" into library xil_defaultlib
INFO: [VRFC 10-311] analyzing module mig_7series_v4_2_ecc_buf
INFO: [VRFC 10-2263] Analyzing Verilog file "C:/Users/fengbin3/TFT_keyboard/TFT.ip_user_files/bd/design_1/ip/design_1_mig_7series_0_0/design_1_mig_7series_0_0/user_design/rtl/ecc/mig_7series_v4_2_ecc_dec_fix.v" into library xil_defaultlib
INFO: [VRFC 10-311] analyzing module mig_7series_v4_2_ecc_dec_fix
INFO: [VRFC 10-2263] Analyzing Verilog file "C:/Users/fengbin3/TFT_keyboard/TFT.ip_user_files/bd/design_1/ip/design_1_mig_7series_0_0/design_1_mig_7series_0_0/user_design/rtl/ecc/mig_7series_v4_2_ecc_gen.v" into library xil_defaultlib
INFO: [VRFC 10-311] analyzing module mig_7series_v4_2_ecc_gen
INFO: [VRFC 10-2263] Analyzing Verilog file "C:/Users/fengbin3/TFT_keyboard/TFT.ip_user_files/bd/design_1/ip/design_1_mig_7series_0_0/design_1_mig_7series_0_0/user_design/rtl/ecc/mig_7series_v4_2_ecc_merge_enc.v" into library xil_defaultlib
INFO: [VRFC 10-311] analyzing module mig_7series_v4_2_ecc_merge_enc
INFO: [VRFC 10-2263] Analyzing Verilog file "C:/Users/fengbin3/TFT_keyboard/TFT.ip_user_files/bd/design_1/ip/design_1_mig_7series_0_0/design_1_mig_7series_0_0/user_design/rtl/ecc/mig_7series_v4_2_fi_xor.v" into library xil_defaultlib
INFO: [VRFC 10-311] analyzing module mig_7series_v4_2_fi_xor
INFO: [VRFC 10-2263] Analyzing Verilog file "C:/Users/fengbin3/TFT_keyboard/TFT.ip_user_files/bd/design_1/ip/design_1_mig_7series_0_0/design_1_mig_7series_0_0/user_design/rtl/ip_top/mig_7series_v4_2_memc_ui_top_axi.v" into library xil_defaultlib
INFO: [VRFC 10-311] analyzing module mig_7series_v4_2_memc_ui_top_axi
INFO: [VRFC 10-2263] Analyzing Verilog file "C:/Users/fengbin3/TFT_keyboard/TFT.ip_user_files/bd/design_1/ip/design_1_mig_7series_0_0/design_1_mig_7series_0_0/user_design/rtl/ip_top/mig_7series_v4_2_mem_intfc.v" into library xil_defaultlib
INFO: [VRFC 10-311] analyzing module mig_7series_v4_2_mem_intfc
INFO: [VRFC 10-2263] Analyzing Verilog file "C:/Users/fengbin3/TFT_keyboard/TFT.ip_user_files/bd/design_1/ip/design_1_mig_7series_0_0/design_1_mig_7series_0_0/user_design/rtl/phy/mig_7series_v4_2_ddr_byte_group_io.v" into library xil_defaultlib
INFO: [VRFC 10-311] analyzing module mig_7series_v4_2_ddr_byte_group_io
INFO: [VRFC 10-2263] Analyzing Verilog file "C:/Users/fengbin3/TFT_keyboard/TFT.ip_user_files/bd/design_1/ip/design_1_mig_7series_0_0/design_1_mig_7series_0_0/user_design/rtl/phy/mig_7series_v4_2_ddr_byte_lane.v" into library xil_defaultlib
INFO: [VRFC 10-311] analyzing module mig_7series_v4_2_ddr_byte_lane
INFO: [VRFC 10-2263] Analyzing Verilog file "C:/Users/fengbin3/TFT_keyboard/TFT.ip_user_files/bd/design_1/ip/design_1_mig_7series_0_0/design_1_mig_7series_0_0/user_design/rtl/phy/mig_7series_v4_2_ddr_calib_top.v" into library xil_defaultlib
INFO: [VRFC 10-311] analyzing module mig_7series_v4_2_ddr_calib_top
INFO: [VRFC 10-2263] Analyzing Verilog file "C:/Users/fengbin3/TFT_keyboard/TFT.ip_user_files/bd/design_1/ip/design_1_mig_7series_0_0/design_1_mig_7series_0_0/user_design/rtl/phy/mig_7series_v4_2_ddr_if_post_fifo.v" into library xil_defaultlib
INFO: [VRFC 10-311] analyzing module mig_7series_v4_2_ddr_if_post_fifo
INFO: [VRFC 10-2263] Analyzing Verilog file "C:/Users/fengbin3/TFT_keyboard/TFT.ip_user_files/bd/design_1/ip/design_1_mig_7series_0_0/design_1_mig_7series_0_0/user_design/rtl/phy/mig_7series_v4_2_ddr_mc_phy.v" into library xil_defaultlib
INFO: [VRFC 10-311] analyzing module mig_7series_v4_2_ddr_mc_phy
INFO: [VRFC 10-2263] Analyzing Verilog file "C:/Users/fengbin3/TFT_keyboard/TFT.ip_user_files/bd/design_1/ip/design_1_mig_7series_0_0/design_1_mig_7series_0_0/user_design/rtl/phy/mig_7series_v4_2_ddr_mc_phy_wrapper.v" into library xil_defaultlib
INFO: [VRFC 10-311] analyzing module mig_7series_v4_2_ddr_mc_phy_wrapper
INFO: [VRFC 10-2263] Analyzing Verilog file "C:/Users/fengbin3/TFT_keyboard/TFT.ip_user_files/bd/design_1/ip/design_1_mig_7series_0_0/design_1_mig_7series_0_0/user_design/rtl/phy/mig_7series_v4_2_ddr_of_pre_fifo.v" into library xil_defaultlib
INFO: [VRFC 10-311] analyzing module mig_7series_v4_2_ddr_of_pre_fifo
INFO: [VRFC 10-2263] Analyzing Verilog file "C:/Users/fengbin3/TFT_keyboard/TFT.ip_user_files/bd/design_1/ip/design_1_mig_7series_0_0/design_1_mig_7series_0_0/user_design/rtl/phy/mig_7series_v4_2_ddr_phy_4lanes.v" into library xil_defaultlib
INFO: [VRFC 10-311] analyzing module mig_7series_v4_2_ddr_phy_4lanes
INFO: [VRFC 10-2263] Analyzing Verilog file "C:/Users/fengbin3/TFT_keyboard/TFT.ip_user_files/bd/design_1/ip/design_1_mig_7series_0_0/design_1_mig_7series_0_0/user_design/rtl/phy/mig_7series_v4_2_ddr_phy_ck_addr_cmd_delay.v" into library xil_defaultlib
INFO: [VRFC 10-311] analyzing module mig_7series_v4_2_ddr_phy_ck_addr_cmd_delay
INFO: [VRFC 10-2263] Analyzing Verilog file "C:/Users/fengbin3/TFT_keyboard/TFT.ip_user_files/bd/design_1/ip/design_1_mig_7series_0_0/design_1_mig_7series_0_0/user_design/rtl/phy/mig_7series_v4_2_ddr_phy_dqs_found_cal.v" into library xil_defaultlib
INFO: [VRFC 10-311] analyzing module mig_7series_v4_2_ddr_phy_dqs_found_cal
INFO: [VRFC 10-2263] Analyzing Verilog file "C:/Users/fengbin3/TFT_keyboard/TFT.ip_user_files/bd/design_1/ip/design_1_mig_7series_0_0/design_1_mig_7series_0_0/user_design/rtl/phy/mig_7series_v4_2_ddr_phy_dqs_found_cal_hr.v" into library xil_defaultlib
INFO: [VRFC 10-311] analyzing module mig_7series_v4_2_ddr_phy_dqs_found_cal_hr
INFO: [VRFC 10-2263] Analyzing Verilog file "C:/Users/fengbin3/TFT_keyboard/TFT.ip_user_files/bd/design_1/ip/design_1_mig_7series_0_0/design_1_mig_7series_0_0/user_design/rtl/phy/mig_7series_v4_2_ddr_phy_init.v" into library xil_defaultlib
INFO: [VRFC 10-311] analyzing module mig_7series_v4_2_ddr_phy_init
INFO: [VRFC 10-2263] Analyzing Verilog file "C:/Users/fengbin3/TFT_keyboard/TFT.ip_user_files/bd/design_1/ip/design_1_mig_7series_0_0/design_1_mig_7series_0_0/user_design/rtl/phy/mig_7series_v4_2_ddr_phy_ocd_cntlr.v" into library xil_defaultlib
INFO: [VRFC 10-311] analyzing module mig_7series_v4_2_ddr_phy_ocd_cntlr
INFO: [VRFC 10-2263] Analyzing Verilog file "C:/Users/fengbin3/TFT_keyboard/TFT.ip_user_files/bd/design_1/ip/design_1_mig_7series_0_0/design_1_mig_7series_0_0/user_design/rtl/phy/mig_7series_v4_2_ddr_phy_ocd_data.v" into library xil_defaultlib
INFO: [VRFC 10-311] analyzing module mig_7series_v4_2_ddr_phy_ocd_data
INFO: [VRFC 10-2263] Analyzing Verilog file "C:/Users/fengbin3/TFT_keyboard/TFT.ip_user_files/bd/design_1/ip/design_1_mig_7series_0_0/design_1_mig_7series_0_0/user_design/rtl/phy/mig_7series_v4_2_ddr_phy_ocd_edge.v" into library xil_defaultlib
INFO: [VRFC 10-311] analyzing module mig_7series_v4_2_ddr_phy_ocd_edge
INFO: [VRFC 10-2263] Analyzing Verilog file "C:/Users/fengbin3/TFT_keyboard/TFT.ip_user_files/bd/design_1/ip/design_1_mig_7series_0_0/design_1_mig_7series_0_0/user_design/rtl/phy/mig_7series_v4_2_ddr_phy_ocd_lim.v" into library xil_defaultlib
INFO: [VRFC 10-311] analyzing module mig_7series_v4_2_ddr_phy_ocd_lim
INFO: [VRFC 10-2263] Analyzing Verilog file "C:/Users/fengbin3/TFT_keyboard/TFT.ip_user_files/bd/design_1/ip/design_1_mig_7series_0_0/design_1_mig_7series_0_0/user_design/rtl/phy/mig_7series_v4_2_ddr_phy_ocd_mux.v" into library xil_defaultlib
INFO: [VRFC 10-311] analyzing module mig_7series_v4_2_ddr_phy_ocd_mux
INFO: [VRFC 10-2263] Analyzing Verilog file "C:/Users/fengbin3/TFT_keyboard/TFT.ip_user_files/bd/design_1/ip/design_1_mig_7series_0_0/design_1_mig_7series_0_0/user_design/rtl/phy/mig_7series_v4_2_ddr_phy_ocd_po_cntlr.v" into library xil_defaultlib
INFO: [VRFC 10-311] analyzing module mig_7series_v4_2_ddr_phy_ocd_po_cntlr
INFO: [VRFC 10-2263] Analyzing Verilog file "C:/Users/fengbin3/TFT_keyboard/TFT.ip_user_files/bd/design_1/ip/design_1_mig_7series_0_0/design_1_mig_7series_0_0/user_design/rtl/phy/mig_7series_v4_2_ddr_phy_ocd_samp.v" into library xil_defaultlib
INFO: [VRFC 10-311] analyzing module mig_7series_v4_2_ddr_phy_ocd_samp
INFO: [VRFC 10-2263] Analyzing Verilog file "C:/Users/fengbin3/TFT_keyboard/TFT.ip_user_files/bd/design_1/ip/design_1_mig_7series_0_0/design_1_mig_7series_0_0/user_design/rtl/phy/mig_7series_v4_2_ddr_phy_oclkdelay_cal.v" into library xil_defaultlib
INFO: [VRFC 10-311] analyzing module mig_7series_v4_2_ddr_phy_oclkdelay_cal
INFO: [VRFC 10-2263] Analyzing Verilog file "C:/Users/fengbin3/TFT_keyboard/TFT.ip_user_files/bd/design_1/ip/design_1_mig_7series_0_0/design_1_mig_7series_0_0/user_design/rtl/phy/mig_7series_v4_2_ddr_phy_prbs_rdlvl.v" into library xil_defaultlib
INFO: [VRFC 10-311] analyzing module mig_7series_v4_2_ddr_phy_prbs_rdlvl
INFO: [VRFC 10-2263] Analyzing Verilog file "C:/Users/fengbin3/TFT_keyboard/TFT.ip_user_files/bd/design_1/ip/design_1_mig_7series_0_0/design_1_mig_7series_0_0/user_design/rtl/phy/mig_7series_v4_2_ddr_phy_rdlvl.v" into library xil_defaultlib
INFO: [VRFC 10-311] analyzing module mig_7series_v4_2_ddr_phy_rdlvl
INFO: [VRFC 10-2263] Analyzing Verilog file "C:/Users/fengbin3/TFT_keyboard/TFT.ip_user_files/bd/design_1/ip/design_1_mig_7series_0_0/design_1_mig_7series_0_0/user_design/rtl/phy/mig_7series_v4_2_ddr_phy_tempmon.v" into library xil_defaultlib
INFO: [VRFC 10-311] analyzing module mig_7series_v4_2_ddr_phy_tempmon
INFO: [VRFC 10-2263] Analyzing Verilog file "C:/Users/fengbin3/TFT_keyboard/TFT.ip_user_files/bd/design_1/ip/design_1_mig_7series_0_0/design_1_mig_7series_0_0/user_design/rtl/phy/mig_7series_v4_2_ddr_phy_top.v" into library xil_defaultlib
INFO: [VRFC 10-311] analyzing module mig_7series_v4_2_ddr_phy_top
INFO: [VRFC 10-2263] Analyzing Verilog file "C:/Users/fengbin3/TFT_keyboard/TFT.ip_user_files/bd/design_1/ip/design_1_mig_7series_0_0/design_1_mig_7series_0_0/user_design/rtl/phy/mig_7series_v4_2_ddr_phy_wrcal.v" into library xil_defaultlib
INFO: [VRFC 10-311] analyzing module mig_7series_v4_2_ddr_phy_wrcal
INFO: [VRFC 10-2263] Analyzing Verilog file "C:/Users/fengbin3/TFT_keyboard/TFT.ip_user_files/bd/design_1/ip/design_1_mig_7series_0_0/design_1_mig_7series_0_0/user_design/rtl/phy/mig_7series_v4_2_ddr_phy_wrlvl.v" into library xil_defaultlib
INFO: [VRFC 10-311] analyzing module mig_7series_v4_2_ddr_phy_wrlvl
INFO: [VRFC 10-2263] Analyzing Verilog file "C:/Users/fengbin3/TFT_keyboard/TFT.ip_user_files/bd/design_1/ip/design_1_mig_7series_0_0/design_1_mig_7series_0_0/user_design/rtl/phy/mig_7series_v4_2_ddr_phy_wrlvl_off_delay.v" into library xil_defaultlib
INFO: [VRFC 10-311] analyzing module mig_7series_v4_2_ddr_phy_wrlvl_off_delay
INFO: [VRFC 10-2263] Analyzing Verilog file "C:/Users/fengbin3/TFT_keyboard/TFT.ip_user_files/bd/design_1/ip/design_1_mig_7series_0_0/design_1_mig_7series_0_0/user_design/rtl/phy/mig_7series_v4_2_ddr_prbs_gen.v" into library xil_defaultlib
INFO: [VRFC 10-311] analyzing module mig_7series_v4_2_ddr_prbs_gen
INFO: [VRFC 10-2263] Analyzing Verilog file "C:/Users/fengbin3/TFT_keyboard/TFT.ip_user_files/bd/design_1/ip/design_1_mig_7series_0_0/design_1_mig_7series_0_0/user_design/rtl/phy/mig_7series_v4_2_poc_cc.v" into library xil_defaultlib
INFO: [VRFC 10-311] analyzing module mig_7series_v4_2_poc_cc
INFO: [VRFC 10-2263] Analyzing Verilog file "C:/Users/fengbin3/TFT_keyboard/TFT.ip_user_files/bd/design_1/ip/design_1_mig_7series_0_0/design_1_mig_7series_0_0/user_design/rtl/phy/mig_7series_v4_2_poc_edge_store.v" into library xil_defaultlib
INFO: [VRFC 10-311] analyzing module mig_7series_v4_2_poc_edge_store
INFO: [VRFC 10-2263] Analyzing Verilog file "C:/Users/fengbin3/TFT_keyboard/TFT.ip_user_files/bd/design_1/ip/design_1_mig_7series_0_0/design_1_mig_7series_0_0/user_design/rtl/phy/mig_7series_v4_2_poc_meta.v" into library xil_defaultlib
INFO: [VRFC 10-311] analyzing module mig_7series_v4_2_poc_meta
INFO: [VRFC 10-2263] Analyzing Verilog file "C:/Users/fengbin3/TFT_keyboard/TFT.ip_user_files/bd/design_1/ip/design_1_mig_7series_0_0/design_1_mig_7series_0_0/user_design/rtl/phy/mig_7series_v4_2_poc_pd.v" into library xil_defaultlib
INFO: [VRFC 10-311] analyzing module mig_7series_v4_2_poc_pd
INFO: [VRFC 10-2263] Analyzing Verilog file "C:/Users/fengbin3/TFT_keyboard/TFT.ip_user_files/bd/design_1/ip/design_1_mig_7series_0_0/design_1_mig_7series_0_0/user_design/rtl/phy/mig_7series_v4_2_poc_tap_base.v" into library xil_defaultlib
INFO: [VRFC 10-311] analyzing module mig_7series_v4_2_poc_tap_base
INFO: [VRFC 10-2263] Analyzing Verilog file "C:/Users/fengbin3/TFT_keyboard/TFT.ip_user_files/bd/design_1/ip/design_1_mig_7series_0_0/design_1_mig_7series_0_0/user_design/rtl/phy/mig_7series_v4_2_poc_top.v" into library xil_defaultlib
INFO: [VRFC 10-311] analyzing module mig_7series_v4_2_poc_top
INFO: [VRFC 10-2263] Analyzing Verilog file "C:/Users/fengbin3/TFT_keyboard/TFT.ip_user_files/bd/design_1/ip/design_1_mig_7series_0_0/design_1_mig_7series_0_0/user_design/rtl/ui/mig_7series_v4_2_ui_cmd.v" into library xil_defaultlib
INFO: [VRFC 10-311] analyzing module mig_7series_v4_2_ui_cmd
INFO: [VRFC 10-2263] Analyzing Verilog file "C:/Users/fengbin3/TFT_keyboard/TFT.ip_user_files/bd/design_1/ip/design_1_mig_7series_0_0/design_1_mig_7series_0_0/user_design/rtl/ui/mig_7series_v4_2_ui_rd_data.v" into library xil_defaultlib
INFO: [VRFC 10-311] analyzing module mig_7series_v4_2_ui_rd_data
INFO: [VRFC 10-2263] Analyzing Verilog file "C:/Users/fengbin3/TFT_keyboard/TFT.ip_user_files/bd/design_1/ip/design_1_mig_7series_0_0/design_1_mig_7series_0_0/user_design/rtl/ui/mig_7series_v4_2_ui_top.v" into library xil_defaultlib
INFO: [VRFC 10-311] analyzing module mig_7series_v4_2_ui_top
INFO: [VRFC 10-2263] Analyzing Verilog file "C:/Users/fengbin3/TFT_keyboard/TFT.ip_user_files/bd/design_1/ip/design_1_mig_7series_0_0/design_1_mig_7series_0_0/user_design/rtl/ui/mig_7series_v4_2_ui_wr_data.v" into library xil_defaultlib
INFO: [VRFC 10-311] analyzing module mig_7series_v4_2_ui_wr_data
INFO: [VRFC 10-2263] Analyzing Verilog file "C:/Users/fengbin3/TFT_keyboard/TFT.ip_user_files/bd/design_1/ip/design_1_mig_7series_0_0/design_1_mig_7series_0_0/user_design/rtl/design_1_mig_7series_0_0_mig_sim.v" into library xil_defaultlib
INFO: [VRFC 10-311] analyzing module design_1_mig_7series_0_0_mig
INFO: [VRFC 10-2458] undeclared symbol dbg_sel_po_incdec, assumed default net type wire [C:/Users/fengbin3/TFT_keyboard/TFT.ip_user_files/bd/design_1/ip/design_1_mig_7series_0_0/design_1_mig_7series_0_0/user_design/rtl/design_1_mig_7series_0_0_mig_sim.v:1187]
INFO: [VRFC 10-2458] undeclared symbol dbg_po_f_inc, assumed default net type wire [C:/Users/fengbin3/TFT_keyboard/TFT.ip_user_files/bd/design_1/ip/design_1_mig_7series_0_0/design_1_mig_7series_0_0/user_design/rtl/design_1_mig_7series_0_0_mig_sim.v:1191]
INFO: [VRFC 10-2458] undeclared symbol dbg_po_f_stg23_sel, assumed default net type wire [C:/Users/fengbin3/TFT_keyboard/TFT.ip_user_files/bd/design_1/ip/design_1_mig_7series_0_0/design_1_mig_7series_0_0/user_design/rtl/design_1_mig_7series_0_0_mig_sim.v:1192]
INFO: [VRFC 10-2458] undeclared symbol dbg_po_f_dec, assumed default net type wire [C:/Users/fengbin3/TFT_keyboard/TFT.ip_user_files/bd/design_1/ip/design_1_mig_7series_0_0/design_1_mig_7series_0_0/user_design/rtl/design_1_mig_7series_0_0_mig_sim.v:1193]
INFO: [VRFC 10-2458] undeclared symbol dbg_poc, assumed default net type wire [C:/Users/fengbin3/TFT_keyboard/TFT.ip_user_files/bd/design_1/ip/design_1_mig_7series_0_0/design_1_mig_7series_0_0/user_design/rtl/design_1_mig_7series_0_0_mig_sim.v:1320]
INFO: [VRFC 10-2263] Analyzing Verilog file "C:/Users/fengbin3/TFT_keyboard/TFT.ip_user_files/bd/design_1/ip/design_1_mig_7series_0_0/design_1_mig_7series_0_0/user_design/rtl/design_1_mig_7series_0_0.v" into library xil_defaultlib
INFO: [VRFC 10-311] analyzing module design_1_mig_7series_0_0
INFO: [VRFC 10-2263] Analyzing Verilog file "C:/Users/fengbin3/TFT_keyboard/TFT.ip_user_files/bd/design_1/ip/design_1_xlslice_0_0/sim/design_1_xlslice_0_0.v" into library xil_defaultlib
INFO: [VRFC 10-311] analyzing module design_1_xlslice_0_0
INFO: [VRFC 10-2263] Analyzing Verilog file "C:/Users/fengbin3/TFT_keyboard/TFT.ip_user_files/bd/design_1/ip/design_1_xlslice_1_0/sim/design_1_xlslice_1_0.v" into library xil_defaultlib
INFO: [VRFC 10-311] analyzing module design_1_xlslice_1_0
INFO: [VRFC 10-2263] Analyzing Verilog file "C:/Users/fengbin3/TFT_keyboard/TFT.ip_user_files/bd/design_1/ip/design_1_xlslice_2_0/sim/design_1_xlslice_2_0.v" into library xil_defaultlib
INFO: [VRFC 10-311] analyzing module design_1_xlslice_2_0
INFO: [VRFC 10-2263] Analyzing Verilog file "C:/Users/fengbin3/TFT_keyboard/TFT.ip_user_files/bd/design_1/sim/design_1.v" into library xil_defaultlib
INFO: [VRFC 10-311] analyzing module design_1
INFO: [VRFC 10-311] analyzing module design_1_microblaze_0_axi_periph_0
INFO: [VRFC 10-311] analyzing module m00_couplers_imp_8RVYHO
INFO: [VRFC 10-311] analyzing module m01_couplers_imp_1UTB3Y5
INFO: [VRFC 10-311] analyzing module m02_couplers_imp_7ANRHB
INFO: [VRFC 10-311] analyzing module m03_couplers_imp_1W07O72
INFO: [VRFC 10-311] analyzing module m04_couplers_imp_5LX7BU
INFO: [VRFC 10-311] analyzing module m05_couplers_imp_1XR4ZAZ
INFO: [VRFC 10-311] analyzing module m06_couplers_imp_4YOIXL
INFO: [VRFC 10-311] analyzing module microblaze_0_local_memory_imp_1K0VQXK
INFO: [VRFC 10-311] analyzing module s00_couplers_imp_1RZP34U
INFO: [VRFC 10-311] analyzing module s01_couplers_imp_2REGHR
INFO: [VRFC 10-2263] Analyzing Verilog file "C:/Users/fengbin3/TFT_keyboard/TFT.ip_user_files/bd/design_1/ip/design_1_axi_ps2_0_0/src/sim/fifo_generator_0.v" into library xil_defaultlib
INFO: [VRFC 10-311] analyzing module fifo_generator_0
INFO: [VRFC 10-2263] Analyzing Verilog file "C:/Users/fengbin3/TFT_keyboard/TFT.ip_user_files/bd/design_1/ipshared/05a8/sim/fft_chain_buff_fft_wrapper_0_0.v" into library xil_defaultlib
INFO: [VRFC 10-311] analyzing module fft_chain_buff_fft_wrapper_0_0
INFO: [VRFC 10-2263] Analyzing Verilog file "C:/Users/fengbin3/TFT_keyboard/TFT.ip_user_files/bd/design_1/ipshared/05a8/sim/fft_chain_pitch_correction_0_0.v" into library xil_defaultlib
INFO: [VRFC 10-311] analyzing module fft_chain_pitch_correction_0_0
INFO: [VRFC 10-2263] Analyzing Verilog file "C:/Users/fengbin3/TFT_keyboard/TFT.ip_user_files/bd/design_1/ipshared/05a8/sim/fft_chain_spi_0_0.v" into library xil_defaultlib
INFO: [VRFC 10-311] analyzing module fft_chain_spi_0_0
INFO: [VRFC 10-2263] Analyzing Verilog file "C:/Users/fengbin3/TFT_keyboard/TFT.ip_user_files/bd/design_1/ipshared/05a8/sim/fft_chain_PWM_0_4.v" into library xil_defaultlib
INFO: [VRFC 10-311] analyzing module fft_chain_PWM_0_4
INFO: [VRFC 10-2263] Analyzing SystemVerilog file "C:/Users/fengbin3/TFT_keyboard/TFT.ip_user_files/bd/design_1/ipshared/05a8/src/buff_fft.sv" into library xil_defaultlib
INFO: [VRFC 10-311] analyzing module buff_fft
INFO: [VRFC 10-311] analyzing module buff_ifft
INFO: [VRFC 10-2263] Analyzing Verilog file "C:/Users/fengbin3/TFT_keyboard/TFT.ip_user_files/bd/design_1/ipshared/05a8/src/buff_fft_wrapper.v" into library xil_defaultlib
INFO: [VRFC 10-311] analyzing module buff_fft_wrapper
INFO: [VRFC 10-2263] Analyzing Verilog file "C:/Users/fengbin3/TFT_keyboard/TFT.ip_user_files/bd/design_1/ipshared/05a8/sim/fft_chain.v" into library xil_defaultlib
INFO: [VRFC 10-311] analyzing module fft_chain
INFO: [VRFC 10-2263] Analyzing Verilog file "C:/Users/fengbin3/TFT_keyboard/TFT.ip_user_files/bd/design_1/ipshared/05a8/src/pitch_correction.v" into library xil_defaultlib
INFO: [VRFC 10-311] analyzing module pitch_correction
INFO: [VRFC 10-2263] Analyzing Verilog file "C:/Users/fengbin3/TFT_keyboard/TFT.ip_user_files/bd/design_1/ipshared/05a8/src/spi.v" into library xil_defaultlib
INFO: [VRFC 10-311] analyzing module spi
INFO: [VRFC 10-2263] Analyzing Verilog file "C:/Users/fengbin3/TFT_keyboard/TFT.ip_user_files/bd/design_1/ipshared/05a8/src/PWM.v" into library xil_defaultlib
INFO: [VRFC 10-311] analyzing module PWM
INFO: [VRFC 10-2263] Analyzing Verilog file "C:/Users/fengbin3/TFT_keyboard/TFT.ip_user_files/bd/design_1/ip/design_1_fft_chain_0_0/sim/design_1_fft_chain_0_0.v" into library xil_defaultlib
INFO: [VRFC 10-311] analyzing module design_1_fft_chain_0_0
INFO: [VRFC 10-2263] Analyzing Verilog file "C:/Users/fengbin3/TFT_keyboard/TFT.ip_user_files/bd/design_1/ip/design_1_auto_pc_6/sim/design_1_auto_pc_6.v" into library xil_defaultlib
INFO: [VRFC 10-311] analyzing module design_1_auto_pc_6
INFO: [VRFC 10-2263] Analyzing Verilog file "C:/Users/fengbin3/TFT_keyboard/TFT.ip_user_files/bd/design_1/ip/design_1_auto_us_0/sim/design_1_auto_us_0.v" into library xil_defaultlib
INFO: [VRFC 10-311] analyzing module design_1_auto_us_0
INFO: [VRFC 10-2263] Analyzing Verilog file "C:/Users/fengbin3/TFT_keyboard/TFT.ip_user_files/bd/design_1/ip/design_1_auto_us_1/sim/design_1_auto_us_1.v" into library xil_defaultlib
INFO: [VRFC 10-311] analyzing module design_1_auto_us_1
INFO: [VRFC 10-2263] Analyzing Verilog file "C:/Users/fengbin3/TFT_keyboard/TFT.ip_user_files/bd/design_1/ip/design_1_auto_ds_0/sim/design_1_auto_ds_0.v" into library xil_defaultlib
INFO: [VRFC 10-311] analyzing module design_1_auto_ds_0
INFO: [VRFC 10-2263] Analyzing Verilog file "C:/Users/fengbin3/TFT_keyboard/TFT.ip_user_files/bd/design_1/ip/design_1_auto_pc_0/sim/design_1_auto_pc_0.v" into library xil_defaultlib
INFO: [VRFC 10-311] analyzing module design_1_auto_pc_0
INFO: [VRFC 10-2263] Analyzing Verilog file "C:/Users/fengbin3/TFT_keyboard/TFT.ip_user_files/bd/design_1/ip/design_1_auto_ds_1/sim/design_1_auto_ds_1.v" into library xil_defaultlib
INFO: [VRFC 10-311] analyzing module design_1_auto_ds_1
INFO: [VRFC 10-2263] Analyzing Verilog file "C:/Users/fengbin3/TFT_keyboard/TFT.ip_user_files/bd/design_1/ip/design_1_auto_pc_1/sim/design_1_auto_pc_1.v" into library xil_defaultlib
INFO: [VRFC 10-311] analyzing module design_1_auto_pc_1
INFO: [VRFC 10-2263] Analyzing Verilog file "C:/Users/fengbin3/TFT_keyboard/TFT.ip_user_files/bd/design_1/ip/design_1_auto_cc_0/sim/design_1_auto_cc_0.v" into library xil_defaultlib
INFO: [VRFC 10-311] analyzing module design_1_auto_cc_0
INFO: [VRFC 10-2263] Analyzing Verilog file "C:/Users/fengbin3/TFT_keyboard/TFT.ip_user_files/bd/design_1/ip/design_1_auto_ds_2/sim/design_1_auto_ds_2.v" into library xil_defaultlib
INFO: [VRFC 10-311] analyzing module design_1_auto_ds_2
INFO: [VRFC 10-2263] Analyzing Verilog file "C:/Users/fengbin3/TFT_keyboard/TFT.ip_user_files/bd/design_1/ip/design_1_auto_pc_2/sim/design_1_auto_pc_2.v" into library xil_defaultlib
INFO: [VRFC 10-311] analyzing module design_1_auto_pc_2
INFO: [VRFC 10-2263] Analyzing Verilog file "C:/Users/fengbin3/TFT_keyboard/TFT.ip_user_files/bd/design_1/ip/design_1_auto_ds_3/sim/design_1_auto_ds_3.v" into library xil_defaultlib
INFO: [VRFC 10-311] analyzing module design_1_auto_ds_3
INFO: [VRFC 10-2263] Analyzing Verilog file "C:/Users/fengbin3/TFT_keyboard/TFT.ip_user_files/bd/design_1/ip/design_1_auto_pc_3/sim/design_1_auto_pc_3.v" into library xil_defaultlib
INFO: [VRFC 10-311] analyzing module design_1_auto_pc_3
INFO: [VRFC 10-2263] Analyzing Verilog file "C:/Users/fengbin3/TFT_keyboard/TFT.ip_user_files/bd/design_1/ip/design_1_auto_ds_4/sim/design_1_auto_ds_4.v" into library xil_defaultlib
INFO: [VRFC 10-311] analyzing module design_1_auto_ds_4
INFO: [VRFC 10-2263] Analyzing Verilog file "C:/Users/fengbin3/TFT_keyboard/TFT.ip_user_files/bd/design_1/ip/design_1_auto_pc_4/sim/design_1_auto_pc_4.v" into library xil_defaultlib
INFO: [VRFC 10-311] analyzing module design_1_auto_pc_4
INFO: [VRFC 10-2263] Analyzing Verilog file "C:/Users/fengbin3/TFT_keyboard/TFT.ip_user_files/bd/design_1/ip/design_1_auto_ds_5/sim/design_1_auto_ds_5.v" into library xil_defaultlib
INFO: [VRFC 10-311] analyzing module design_1_auto_ds_5
INFO: [VRFC 10-2263] Analyzing Verilog file "C:/Users/fengbin3/TFT_keyboard/TFT.ip_user_files/bd/design_1/ip/design_1_auto_pc_5/sim/design_1_auto_pc_5.v" into library xil_defaultlib
INFO: [VRFC 10-311] analyzing module design_1_auto_pc_5
INFO: [VRFC 10-2263] Analyzing Verilog file "C:/Users/fengbin3/TFT_keyboard/TFT.srcs/sources_1/bd/design_1/hdl/design_1_wrapper.v" into library xil_defaultlib
INFO: [VRFC 10-311] analyzing module design_1_wrapper
INFO: [VRFC 10-2263] Analyzing Verilog file "C:/Users/fengbin3/TFT_keyboard/TFT.srcs/sim_1/new/design_1_tb.v" into library xil_defaultlib
INFO: [VRFC 10-311] analyzing module design_1_tb
INFO: [VRFC 10-2458] undeclared symbol clk, assumed default net type wire [C:/Users/fengbin3/TFT_keyboard/TFT.srcs/sim_1/new/design_1_tb.v:51]
ERROR: [VRFC 10-2938] 'clk' is already implicitly declared on line 51 [C:/Users/fengbin3/TFT_keyboard/TFT.srcs/sim_1/new/design_1_tb.v:60]
ERROR: [VRFC 10-2865] module 'design_1_tb' ignored due to previous errors [C:/Users/fengbin3/TFT_keyboard/TFT.srcs/sim_1/new/design_1_tb.v:23]
