#-----------------------------------------------------------
# Webtalk v2018.3.1 (64-bit)
# SW Build 2489853 on Tue Mar 26 04:20:25 MDT 2019
# 
# Start of session at: Thu Feb 29 16:30:29 2024
# Process ID: 12340
# Current directory: C:/Users/zhan6738/TFT_keyboard/TFT.sdk/webtalk
# Command line: wbtcv.exe -mode batch -source sdk_webtalk.tcl
# Log file: C:/Users/zhan6738/TFT_keyboard/TFT.sdk/webtalk/webtalk.log
# Journal file: C:/Users/zhan6738/TFT_keyboard/TFT.sdk/webtalk\webtalk.jou
#-----------------------------------------------------------
source sdk_webtalk.tcl
# webtalk_init -webtalk_dir C:\\Users\\zhan6738\\TFT_keyboard\\TFT.sdk\\webtalk
# webtalk_register_client -client project
# webtalk_add_data -client project -key date_generated -value "2024-02-29 16:30:27" -context "software_version_and_target_device"
# webtalk_add_data -client project -key product_version -value "SDK v2018.3" -context "software_version_and_target_device"
# webtalk_add_data -client project -key build_version -value "2018.3" -context "software_version_and_target_device"
# webtalk_add_data -client project -key os_platform -value "amd64" -context "software_version_and_target_device"
# webtalk_add_data -client project -key registration_id -value "174111048_179741397_210705427_369" -context "software_version_and_target_device"
# webtalk_add_data -client project -key tool_flow -value "SDK" -context "software_version_and_target_device"
# webtalk_add_data -client project -key beta -value "false" -context "software_version_and_target_device"
# webtalk_add_data -client project -key route_design -value "NA" -context "software_version_and_target_device"
# webtalk_add_data -client project -key target_family -value "NA" -context "software_version_and_target_device"
# webtalk_add_data -client project -key target_device -value "NA" -context "software_version_and_target_device"
# webtalk_add_data -client project -key target_package -value "NA" -context "software_version_and_target_device"
# webtalk_add_data -client project -key target_speed -value "NA" -context "software_version_and_target_device"
# webtalk_add_data -client project -key random_id -value "ufvnncfm23qa7brq1fkvdms12v" -context "software_version_and_target_device"
# webtalk_add_data -client project -key project_id -value "2018.3_5" -context "software_version_and_target_device"
# webtalk_add_data -client project -key project_iteration -value "5" -context "software_version_and_target_device"
# webtalk_add_data -client project -key os_name -value "Microsoft Windows 8 or later , 64-bit" -context "user_environment"
# webtalk_add_data -client project -key os_release -value "major release  (build 9200)" -context "user_environment"
# webtalk_add_data -client project -key cpu_name -value "Intel(R) Core(TM) i7-8700 CPU @ 3.20GHz" -context "user_environment"
# webtalk_add_data -client project -key cpu_speed -value "3192 MHz" -context "user_environment"
# webtalk_add_data -client project -key total_processors -value "1" -context "user_environment"
# webtalk_add_data -client project -key system_ram -value "16.966 GB" -context "user_environment"
# webtalk_register_client -client sdk
# webtalk_add_data -client sdk -key uid -value "1709238613986" -context "sdk\\\\hardware/1709238613986"
# webtalk_add_data -client sdk -key isZynq -value "false" -context "sdk\\\\hardware/1709238613986"
# webtalk_add_data -client sdk -key isZynqMP -value "false" -context "sdk\\\\hardware/1709238613986"
# webtalk_add_data -client sdk -key Processors -value "1" -context "sdk\\\\hardware/1709238613986"
# webtalk_add_data -client sdk -key VivadoVersion -value "2018.3.1" -context "sdk\\\\hardware/1709238613986"
# webtalk_add_data -client sdk -key Arch -value "artix7" -context "sdk\\\\hardware/1709238613986"
# webtalk_add_data -client sdk -key Device -value "7a100t" -context "sdk\\\\hardware/1709238613986"
# webtalk_add_data -client sdk -key IsHandoff -value "true" -context "sdk\\\\hardware/1709238613986"
# webtalk_add_data -client sdk -key os -value "NA" -context "sdk\\\\hardware/1709238613986"
# webtalk_add_data -client sdk -key apptemplate -value "NA" -context "sdk\\\\hardware/1709238613986"
# webtalk_add_data -client sdk -key RecordType -value "HWCreation" -context "sdk\\\\hardware/1709238613986"
# webtalk_add_data -client sdk -key uid -value "1709238655107" -context "sdk\\\\bsp/1709238655107"
# webtalk_add_data -client sdk -key hwid -value "1709238613986" -context "sdk\\\\bsp/1709238655107"
# webtalk_add_data -client sdk -key os -value "standalone" -context "sdk\\\\bsp/1709238655107"
# webtalk_add_data -client sdk -key apptemplate -value "empty_application" -context "sdk\\\\bsp/1709238655107"
# webtalk_add_data -client sdk -key RecordType -value "BSPCreation" -context "sdk\\\\bsp/1709238655107"
# webtalk_add_data -client sdk -key uid -value "1709238656915" -context "sdk\\\\application/1709238656915"
# webtalk_add_data -client sdk -key hwid -value "1709238613986" -context "sdk\\\\application/1709238656915"
# webtalk_add_data -client sdk -key bspid -value "1709238655107" -context "sdk\\\\application/1709238656915"
# webtalk_add_data -client sdk -key newbsp -value "true" -context "sdk\\\\application/1709238656915"
# webtalk_add_data -client sdk -key os -value "standalone" -context "sdk\\\\application/1709238656915"
# webtalk_add_data -client sdk -key apptemplate -value "empty_application" -context "sdk\\\\application/1709238656915"
# webtalk_add_data -client sdk -key RecordType -value "APPCreation" -context "sdk\\\\application/1709238656915"
# webtalk_add_data -client sdk -key LangUsed -value "CPP" -context "sdk\\\\application/1709238656915"
# webtalk_add_data -client sdk -key Procused -value "microblaze" -context "sdk\\\\application/1709238656915"
# webtalk_add_data -client sdk -key projSize -value "118.19140625" -context "sdk\\\\application/1709238656915"
# webtalk_add_data -client sdk -key uid -value "NA" -context "sdk\\\\bsp/1709242227801"
# webtalk_add_data -client sdk -key RecordType -value "ToolUsage" -context "sdk\\\\bsp/1709242227801"
# webtalk_add_data -client sdk -key BootgenCount -value "0" -context "sdk\\\\bsp/1709242227801"
# webtalk_add_data -client sdk -key DebugCount -value "0" -context "sdk\\\\bsp/1709242227801"
# webtalk_add_data -client sdk -key PerfCount -value "0" -context "sdk\\\\bsp/1709242227801"
# webtalk_add_data -client sdk -key FlashCount -value "0" -context "sdk\\\\bsp/1709242227801"
# webtalk_add_data -client sdk -key CrossTriggCount -value "0" -context "sdk\\\\bsp/1709242227801"
# webtalk_add_data -client sdk -key QemuDebugCount -value "0" -context "sdk\\\\bsp/1709242227801"
# webtalk_transmit -clientid 484156128 -regid "174111048_179741397_210705427_369" -xml C:\\Users\\zhan6738\\TFT_keyboard\\TFT.sdk\\webtalk\\usage_statistics_ext_sdk.xml -html C:\\Users\\zhan6738\\TFT_keyboard\\TFT.sdk\\webtalk\\usage_statistics_ext_sdk.html -wdm C:\\Users\\zhan6738\\TFT_keyboard\\TFT.sdk\\webtalk\\sdk_webtalk.wdm -intro "<H3>SDK Usage Report</H3><BR>"
# webtalk_terminate
INFO: [Common 17-206] Exiting Webtalk at Thu Feb 29 16:30:30 2024...
